<?xml version="1.0" encoding="UTF-8"?>
<testng-results ignored="0" total="1" passed="1" failed="0" skipped="0">
  <reporter-output>
  </reporter-output>
  <suite started-at="2024-03-16T14:07:50 IST" name="Default suite" finished-at="2024-03-16T14:08:04 IST" duration-ms="13908">
    <groups>
    </groups>
    <test started-at="2024-03-16T14:07:50 IST" name="Default test" finished-at="2024-03-16T14:08:04 IST" duration-ms="13908">
      <class name="package1.Class1">
        <test-method is-config="true" signature="beforeMethod()[pri:0, instance:package1.Class1@3ad83a66]" started-at="2024-03-16T14:07:50 IST" name="beforeMethod" finished-at="2024-03-16T14:08:00 IST" duration-ms="10403" status="PASS">
          <reporter-output>
          </reporter-output>
        </test-method> <!-- beforeMethod -->
        <test-method signature="screenShot()[pri:0, instance:package1.Class1@3ad83a66]" started-at="2024-03-16T14:08:00 IST" name="screenShot" finished-at="2024-03-16T14:08:00 IST" duration-ms="158" status="PASS">
          <reporter-output>
          </reporter-output>
        </test-method> <!-- screenShot -->
        <test-method is-config="true" signature="afterMethod()[pri:0, instance:package1.Class1@3ad83a66]" started-at="2024-03-16T14:08:00 IST" name="afterMethod" finished-at="2024-03-16T14:08:04 IST" duration-ms="3278" status="PASS">
          <reporter-output>
          </reporter-output>
        </test-method> <!-- afterMethod -->
      </class> <!-- package1.Class1 -->
    </test> <!-- Default test -->
  </suite> <!-- Default suite -->
</testng-results>
