<?xml version="1.0" encoding="UTF-8"?>
<testng-results ignored="0" total="1" passed="1" failed="0" skipped="0">
  <reporter-output>
  </reporter-output>
  <suite started-at="2024-03-27T10:28:11 IST" name="Default suite" finished-at="2024-03-27T10:28:49 IST" duration-ms="37589">
    <groups>
    </groups>
    <test started-at="2024-03-27T10:28:11 IST" name="Default test" finished-at="2024-03-27T10:28:49 IST" duration-ms="37589">
      <class name="seleniumPracticePackage.WebTablePractice01">
        <test-method is-config="true" signature="setUp()[pri:0, instance:seleniumPracticePackage.WebTablePractice01@4be29ed9]" started-at="2024-03-27T10:28:11 IST" name="setUp" finished-at="2024-03-27T10:28:41 IST" duration-ms="29627" status="PASS">
          <reporter-output>
          </reporter-output>
        </test-method> <!-- setUp -->
        <test-method signature="webTablePractice01()[pri:0, instance:seleniumPracticePackage.WebTablePractice01@4be29ed9]" started-at="2024-03-27T10:28:41 IST" name="webTablePractice01" finished-at="2024-03-27T10:28:45 IST" duration-ms="4354" status="PASS">
          <reporter-output>
          </reporter-output>
        </test-method> <!-- webTablePractice01 -->
        <test-method is-config="true" signature="teardown()[pri:0, instance:seleniumPracticePackage.WebTablePractice01@4be29ed9]" started-at="2024-03-27T10:28:45 IST" name="teardown" finished-at="2024-03-27T10:28:49 IST" duration-ms="3546" status="PASS">
          <reporter-output>
          </reporter-output>
        </test-method> <!-- teardown -->
      </class> <!-- seleniumPracticePackage.WebTablePractice01 -->
    </test> <!-- Default test -->
  </suite> <!-- Default suite -->
</testng-results>
